2024-05-27 22:43:34,399 [INFO] Activator:176 - 


2024-05-27 22:43:34,401 [INFO] Activator:177 - !SESSION log4j initialized
2024-05-27 22:43:36,339 [INFO] LogOutputStream:77 - [STDOUT_REDIRECT] 
2024-05-27 22:43:51,446 [INFO] ApplicationProperties:184 - Using Application install path: C:\ST\STM32CubeIDE_1.11.2\STM32CubeIDE\plugins\com.st.stm32cube.common.mx_6.11.1.202404110753
2024-05-27 22:43:51,535 [INFO] DbMcusXml:78 - Set database path to: C:\ST\STM32CubeIDE_1.11.2\STM32CubeIDE\plugins\com.st.stm32cube.common.mx_6.11.1.202404110753\\db\/mcu/
2024-05-27 22:43:51,536 [INFO] ApiDb:274 - Set plugin database path to: C:\ST\STM32CubeIDE_1.11.2\STM32CubeIDE\plugins\com.st.stm32cube.common.mx_6.11.1.202404110753\\db\/plugins/boardmanager/
2024-05-27 22:43:51,538 [WARN] ApiDb:259 - Overriding images path with different value:  => C:\ST\STM32CubeIDE_1.11.2\STM32CubeIDE\plugins\com.st.stm32cube.common.mx_6.11.1.202404110753\\db\/plugins/mcufinder/images/
2024-05-27 22:43:51,557 [INFO] ApiDb:250 - Set database path to: C:\Users\ronak\.stmcufinder\plugins\mcufinder//mcu/
2024-05-27 22:43:51,560 [INFO] DbMcusAds:125 - Set database path to: C:\Users\ronak\.stmcufinder\plugins\mcufinder//mcu/
2024-05-27 22:43:51,594 [INFO] CrossReferenceDbSqlite:203 - Set database path to: C:\Users\ronak\.stmcufinder\plugins\mcufinder//mcu/cs/
2024-05-27 22:43:52,083 [INFO] RulesReader:64 - Compatibility file has been processed (297 Rules)
2024-05-27 22:43:52,360 [INFO] DbMcusXml:78 - Set database path to: C:\ST\STM32CubeIDE_1.11.2\STM32CubeIDE\plugins\com.st.stm32cube.common.mx_6.11.1.202404110753\\db\/mcu/
2024-05-27 22:43:52,360 [INFO] ApiDb:274 - Set plugin database path to: C:\ST\STM32CubeIDE_1.11.2\STM32CubeIDE\plugins\com.st.stm32cube.common.mx_6.11.1.202404110753\\db\/plugins/boardmanager/
2024-05-27 22:43:52,360 [INFO] ApiDb:261 - Set plugin images path to: C:\ST\STM32CubeIDE_1.11.2\STM32CubeIDE\plugins\com.st.stm32cube.common.mx_6.11.1.202404110753\\db\/plugins/mcufinder/images/
2024-05-27 22:43:52,360 [WARN] DbFile:41 - Overriding database path with different value: C:\Users\ronak\.stmcufinder\plugins\mcufinder/ => C:\Users\ronak\.stmcufinder\plugins\mcufinder
2024-05-27 22:43:52,360 [INFO] ApiDb:250 - Set database path to: C:\Users\ronak\.stmcufinder\plugins\mcufinder//mcu/
2024-05-27 22:43:52,361 [WARN] DbFile:41 - Overriding database path with different value: C:\Users\ronak\.stmcufinder\plugins\mcufinder/ => C:\Users\ronak\.stmcufinder\plugins\mcufinder
2024-05-27 22:43:52,361 [INFO] DbMcusAds:125 - Set database path to: C:\Users\ronak\.stmcufinder\plugins\mcufinder//mcu/
2024-05-27 22:43:52,361 [WARN] DbFile:41 - Overriding database path with different value: C:\Users\ronak\.stmcufinder\plugins\mcufinder/ => C:\Users\ronak\.stmcufinder\plugins\mcufinder
2024-05-27 22:43:52,361 [WARN] DbFile:41 - Overriding database path with different value: C:\Users\ronak\.stmcufinder\plugins\mcufinder/ => C:\Users\ronak\.stmcufinder\plugins\mcufinder
2024-05-27 22:43:52,361 [INFO] CrossReferenceDbSqlite:203 - Set database path to: C:\Users\ronak\.stmcufinder\plugins\mcufinder//mcu/cs/
2024-05-27 22:43:52,608 [INFO] MainPanel:264 - HeapMemory: 429916160
2024-05-27 22:43:52,918 [INFO] DbMcusXml:78 - Set database path to: C:\ST\STM32CubeIDE_1.11.2\STM32CubeIDE\plugins\com.st.stm32cube.common.mx_6.11.1.202404110753\\db\/mcu/
2024-05-27 22:43:52,918 [INFO] ApiDb:274 - Set plugin database path to: C:\ST\STM32CubeIDE_1.11.2\STM32CubeIDE\plugins\com.st.stm32cube.common.mx_6.11.1.202404110753\\db\/plugins/boardmanager/
2024-05-27 22:43:52,918 [INFO] ApiDb:261 - Set plugin images path to: C:\ST\STM32CubeIDE_1.11.2\STM32CubeIDE\plugins\com.st.stm32cube.common.mx_6.11.1.202404110753\\db\/plugins/mcufinder/images/
2024-05-27 22:43:52,921 [WARN] DbFile:41 - Overriding database path with different value: C:\Users\ronak\.stmcufinder\plugins\mcufinder/ => C:\Users\ronak\.stmcufinder\plugins\mcufinder
2024-05-27 22:43:52,921 [INFO] ApiDb:250 - Set database path to: C:\Users\ronak\.stmcufinder\plugins\mcufinder//mcu/
2024-05-27 22:43:52,921 [WARN] DbFile:41 - Overriding database path with different value: C:\Users\ronak\.stmcufinder\plugins\mcufinder/ => C:\Users\ronak\.stmcufinder\plugins\mcufinder
2024-05-27 22:43:52,921 [INFO] DbMcusAds:125 - Set database path to: C:\Users\ronak\.stmcufinder\plugins\mcufinder//mcu/
2024-05-27 22:43:52,921 [WARN] DbFile:41 - Overriding database path with different value: C:\Users\ronak\.stmcufinder\plugins\mcufinder/ => C:\Users\ronak\.stmcufinder\plugins\mcufinder
2024-05-27 22:43:52,921 [WARN] DbFile:41 - Overriding database path with different value: C:\Users\ronak\.stmcufinder\plugins\mcufinder/ => C:\Users\ronak\.stmcufinder\plugins\mcufinder
2024-05-27 22:43:52,922 [INFO] CrossReferenceDbSqlite:203 - Set database path to: C:\Users\ronak\.stmcufinder\plugins\mcufinder//mcu/cs/
2024-05-27 22:43:52,965 [INFO] ApplicationProperties:184 - Using Application install path: C:\ST\STM32CubeIDE_1.11.2\STM32CubeIDE\plugins\com.st.stm32cube.common.mx_6.11.1.202404110753
2024-05-27 22:43:52,971 [INFO] PluginManage:196 - Search for loadable plugins [exclusion list=, ]
2024-05-27 22:43:52,976 [INFO] PluginManage:310 - Check plugin analytics
2024-05-27 22:43:53,835 [INFO] AnalyticsPlugin:253 - Accepted Software Licenses: STM32CubeMX.6.7.0
2024-05-27 22:43:53,835 [INFO] AnalyticsPlugin:255 - Accepted CMSIS Pack Licenses: 
2024-05-27 22:43:53,835 [INFO] AnalyticsPlugin:257 - Accepted Firmware Licenses: 
2024-05-27 22:43:53,844 [INFO] PluginManage:359 - Loaded plugin analytics (category:tool,tabindex:-1)
2024-05-27 22:43:53,845 [INFO] PluginManage:310 - Check plugin cadmodel
2024-05-27 22:43:53,857 [INFO] CADModel:105 - Init CAD model plugin
2024-05-27 22:43:53,857 [INFO] PluginManage:359 - Loaded plugin cadmodel (category:power,tabindex:5)
2024-05-27 22:43:53,858 [INFO] PluginManage:310 - Check plugin clock
2024-05-27 22:43:53,893 [INFO] PluginManage:359 - Loaded plugin clock (category:base,tabindex:2)
2024-05-27 22:43:53,894 [INFO] PluginManage:310 - Check plugin ddr
2024-05-27 22:43:53,904 [INFO] PluginManage:359 - Loaded plugin ddr (category:tool,tabindex:6)
2024-05-27 22:43:53,905 [INFO] PluginManage:310 - Check plugin filemanager
2024-05-27 22:43:54,332 [INFO] PluginManage:359 - Loaded plugin filemanager (category:base,tabindex:10)
2024-05-27 22:43:54,333 [INFO] PluginManage:310 - Check plugin ipmanager
2024-05-27 22:43:54,341 [INFO] PluginManage:359 - Loaded plugin ipmanager (category:base,tabindex:5)
2024-05-27 22:43:54,341 [INFO] PluginManage:310 - Check plugin lpbam
2024-05-27 22:43:54,355 [INFO] PluginManage:359 - Loaded plugin lpbam (category:base,tabindex:0)
2024-05-27 22:43:54,356 [INFO] PluginManage:310 - Check plugin memorymap
2024-05-27 22:43:54,399 [INFO] PluginManage:359 - Loaded plugin memorymap (category:base,tabindex:4)
2024-05-27 22:43:54,399 [INFO] PluginManage:310 - Check plugin pinoutandconfiguration
2024-05-27 22:43:54,415 [INFO] PluginManage:359 - Loaded plugin pinoutandconfiguration (category:base,tabindex:1)
2024-05-27 22:43:54,415 [INFO] PluginManage:310 - Check plugin pinoutconfig
2024-05-27 22:43:54,701 [WARN] SupportedApi:132 - Cannot load RTOS API schema: s4s-elt-must-match.1: The content of 'definitions' must match (annotation?, (simpleType | complexType)?, (unique | key | keyref)*)). A problem was found starting at: attribute.
2024-05-27 22:43:55,448 [INFO] PluginManage:359 - Loaded plugin pinoutconfig (category:base,tabindex:0)
2024-05-27 22:43:55,448 [INFO] PluginManage:310 - Check plugin power
2024-05-27 22:43:55,477 [INFO] PluginManage:359 - Loaded plugin power (category:power,tabindex:4)
2024-05-27 22:43:55,477 [INFO] PluginManage:310 - Check plugin projectmanager
2024-05-27 22:43:55,517 [INFO] PluginManage:359 - Loaded plugin projectmanager (category:projectmanager,tabindex:3)
2024-05-27 22:43:55,517 [INFO] PluginManage:310 - Check plugin thirdparty
2024-05-27 22:43:55,880 [WARN] IntegrityCheckThread:84 - waiting for thirdparty lock release [integrity check]
2024-05-27 22:43:55,881 [INFO] IntegrityCheckThread:86 - entering critical section [integrity check]
2024-05-27 22:43:55,882 [INFO] ThirdPartyUpdaterWithRetryManager:70 - Updater plugin not ready yet. [1/15]
2024-05-27 22:43:55,883 [INFO] PluginManage:359 - Loaded plugin thirdparty (category:base,tabindex:-1)
2024-05-27 22:43:55,883 [INFO] PluginManage:310 - Check plugin tools
2024-05-27 22:43:55,891 [INFO] PluginManage:359 - Loaded plugin tools (category:base,tabindex:7)
2024-05-27 22:43:55,891 [INFO] PluginManage:310 - Check plugin tutovideos
2024-05-27 22:43:56,773 [INFO] PluginManage:359 - Loaded plugin tutovideos (category:base,tabindex:-1)
2024-05-27 22:43:56,773 [INFO] PluginManage:310 - Check plugin updater
2024-05-27 22:43:56,803 [INFO] PluginManage:359 - Loaded plugin updater (category:base,tabindex:12)
2024-05-27 22:43:56,804 [INFO] PluginManage:310 - Check plugin userauth
2024-05-27 22:43:56,818 [INFO] UserAuth:114 - Init User Auth plugin
2024-05-27 22:43:56,819 [INFO] PluginManage:359 - Loaded plugin userauth (category:base,tabindex:14)
2024-05-27 22:43:56,821 [INFO] PluginManage:283 - PluginManage : Loaded plugins [17]
2024-05-27 22:43:57,473 [INFO] PinOutPanel:1561 - setPackage(No Configuration,No Configuration)
2024-05-27 22:43:57,658 [INFO] CADModel:165 - CPN selected for project level
2024-05-27 22:43:57,658 [INFO] CADModel:114 - Register for checkConnection events
2024-05-27 22:43:57,700 [INFO] IPUIPlugin:80 - create IPUIPlugin
2024-05-27 22:43:57,700 [INFO] PluginManager:220 - loadIPPluginJar : add adc
2024-05-27 22:43:57,704 [INFO] IPUIPlugin:80 - create IPUIPlugin
2024-05-27 22:43:57,705 [INFO] PluginManager:220 - loadIPPluginJar : add aes
2024-05-27 22:43:57,711 [INFO] IPUIPlugin:80 - create IPUIPlugin
2024-05-27 22:43:57,711 [INFO] PluginManager:220 - loadIPPluginJar : add can
2024-05-27 22:43:57,716 [INFO] IPUIPlugin:80 - create IPUIPlugin
2024-05-27 22:43:57,716 [INFO] PluginManager:220 - loadIPPluginJar : add comp
2024-05-27 22:43:57,724 [INFO] IPUIPlugin:80 - create IPUIPlugin
2024-05-27 22:43:57,724 [INFO] PluginManager:220 - loadIPPluginJar : add cryp
2024-05-27 22:43:57,732 [INFO] IPUIPlugin:80 - create IPUIPlugin
2024-05-27 22:43:57,732 [INFO] PluginManager:220 - loadIPPluginJar : add dfsdm
2024-05-27 22:43:57,773 [INFO] IPUIPlugin:80 - create IPUIPlugin
2024-05-27 22:43:57,777 [INFO] PluginManager:220 - loadIPPluginJar : add dma
2024-05-27 22:43:57,800 [INFO] IPUIPlugin:80 - create IPUIPlugin
2024-05-27 22:43:57,800 [INFO] PluginManager:220 - loadIPPluginJar : add dma3
2024-05-27 22:43:57,811 [INFO] IPUIPlugin:80 - create IPUIPlugin
2024-05-27 22:43:57,812 [INFO] PluginManager:220 - loadIPPluginJar : add extmemmanager
2024-05-27 22:43:57,816 [INFO] IPUIPlugin:80 - create IPUIPlugin
2024-05-27 22:43:57,817 [INFO] PluginManager:220 - loadIPPluginJar : add fatfs
2024-05-27 22:43:57,827 [INFO] IPUIPlugin:80 - create IPUIPlugin
2024-05-27 22:43:57,827 [INFO] PluginManager:220 - loadIPPluginJar : add fmc
2024-05-27 22:43:57,856 [INFO] IPUIPlugin:80 - create IPUIPlugin
2024-05-27 22:43:57,857 [INFO] PluginManager:220 - loadIPPluginJar : add freertos
2024-05-27 22:43:57,862 [INFO] IPUIPlugin:80 - create IPUIPlugin
2024-05-27 22:43:57,862 [INFO] PluginManager:220 - loadIPPluginJar : add genericplugin
2024-05-27 22:43:57,870 [INFO] IPUIPlugin:80 - create IPUIPlugin
2024-05-27 22:43:57,870 [INFO] PluginManager:220 - loadIPPluginJar : add gfxmmu
2024-05-27 22:43:57,880 [INFO] IPUIPlugin:80 - create IPUIPlugin
2024-05-27 22:43:57,880 [INFO] PluginManager:220 - loadIPPluginJar : add gic
2024-05-27 22:43:57,890 [INFO] IPUIPlugin:80 - create IPUIPlugin
2024-05-27 22:43:57,891 [INFO] PluginManager:220 - loadIPPluginJar : add gpio
2024-05-27 22:43:57,897 [INFO] IPUIPlugin:80 - create IPUIPlugin
2024-05-27 22:43:57,898 [INFO] PluginManager:220 - loadIPPluginJar : add gtzc
2024-05-27 22:43:57,903 [INFO] IPUIPlugin:80 - create IPUIPlugin
2024-05-27 22:43:57,903 [INFO] PluginManager:220 - loadIPPluginJar : add hash
2024-05-27 22:43:57,909 [INFO] IPUIPlugin:80 - create IPUIPlugin
2024-05-27 22:43:57,909 [INFO] PluginManager:220 - loadIPPluginJar : add i2c
2024-05-27 22:43:57,915 [INFO] IPUIPlugin:80 - create IPUIPlugin
2024-05-27 22:43:57,915 [INFO] PluginManager:220 - loadIPPluginJar : add i2s
2024-05-27 22:43:57,922 [INFO] IPUIPlugin:80 - create IPUIPlugin
2024-05-27 22:43:57,922 [INFO] PluginManager:220 - loadIPPluginJar : add i3c
2024-05-27 22:43:57,935 [INFO] IPUIPlugin:80 - create IPUIPlugin
2024-05-27 22:43:57,935 [INFO] PluginManager:220 - loadIPPluginJar : add ipddr
2024-05-27 22:43:57,945 [INFO] IPUIPlugin:80 - create IPUIPlugin
2024-05-27 22:43:57,945 [INFO] PluginManager:220 - loadIPPluginJar : add linkedlist
2024-05-27 22:43:57,951 [INFO] IPUIPlugin:80 - create IPUIPlugin
2024-05-27 22:43:57,951 [INFO] PluginManager:220 - loadIPPluginJar : add lorawan
2024-05-27 22:43:57,954 [INFO] IPUIPlugin:80 - create IPUIPlugin
2024-05-27 22:43:57,955 [INFO] PluginManager:220 - loadIPPluginJar : add ltdc
2024-05-27 22:43:57,972 [INFO] IPUIPlugin:80 - create IPUIPlugin
2024-05-27 22:43:57,973 [INFO] PluginManager:220 - loadIPPluginJar : add mdma
2024-05-27 22:43:57,982 [INFO] IPUIPlugin:80 - create IPUIPlugin
2024-05-27 22:43:57,982 [INFO] PluginManager:220 - loadIPPluginJar : add nvic
2024-05-27 22:43:57,988 [INFO] IPUIPlugin:80 - create IPUIPlugin
2024-05-27 22:43:57,988 [INFO] PluginManager:220 - loadIPPluginJar : add opamp
2024-05-27 22:43:57,996 [INFO] IPUIPlugin:80 - create IPUIPlugin
2024-05-27 22:43:57,996 [INFO] PluginManager:220 - loadIPPluginJar : add openamp
2024-05-27 22:43:58,003 [INFO] IPUIPlugin:80 - create IPUIPlugin
2024-05-27 22:43:58,004 [INFO] PluginManager:220 - loadIPPluginJar : add pdm2pcm
2024-05-27 22:43:58,016 [INFO] IPUIPlugin:80 - create IPUIPlugin
2024-05-27 22:43:58,031 [INFO] PluginManager:220 - loadIPPluginJar : add plateformsettings
2024-05-27 22:43:58,036 [INFO] IPUIPlugin:80 - create IPUIPlugin
2024-05-27 22:43:58,036 [INFO] PluginManager:220 - loadIPPluginJar : add quadspi
2024-05-27 22:43:58,043 [INFO] IPUIPlugin:80 - create IPUIPlugin
2024-05-27 22:43:58,044 [INFO] PluginManager:220 - loadIPPluginJar : add resmgrutility
2024-05-27 22:43:58,050 [INFO] IPUIPlugin:80 - create IPUIPlugin
2024-05-27 22:43:58,050 [INFO] PluginManager:220 - loadIPPluginJar : add sai
2024-05-27 22:43:58,058 [INFO] IPUIPlugin:80 - create IPUIPlugin
2024-05-27 22:43:58,058 [INFO] PluginManager:220 - loadIPPluginJar : add spi
2024-05-27 22:43:58,071 [INFO] IPUIPlugin:80 - create IPUIPlugin
2024-05-27 22:43:58,071 [INFO] PluginManager:220 - loadIPPluginJar : add stm32_wpan
2024-05-27 22:43:58,076 [INFO] IPUIPlugin:80 - create IPUIPlugin
2024-05-27 22:43:58,076 [INFO] PluginManager:220 - loadIPPluginJar : add tim
2024-05-27 22:43:58,084 [INFO] IPUIPlugin:80 - create IPUIPlugin
2024-05-27 22:43:58,084 [INFO] PluginManager:220 - loadIPPluginJar : add touchsensing
2024-05-27 22:43:58,100 [INFO] IPUIPlugin:80 - create IPUIPlugin
2024-05-27 22:43:58,100 [INFO] PluginManager:220 - loadIPPluginJar : add tracer_emb
2024-05-27 22:43:58,106 [INFO] IPUIPlugin:80 - create IPUIPlugin
2024-05-27 22:43:58,106 [INFO] PluginManager:220 - loadIPPluginJar : add ts
2024-05-27 22:43:58,110 [INFO] IPUIPlugin:80 - create IPUIPlugin
2024-05-27 22:43:58,111 [INFO] PluginManager:220 - loadIPPluginJar : add tsc
2024-05-27 22:43:58,117 [INFO] IPUIPlugin:80 - create IPUIPlugin
2024-05-27 22:43:58,117 [INFO] PluginManager:220 - loadIPPluginJar : add ucpd
2024-05-27 22:43:58,124 [INFO] IPUIPlugin:80 - create IPUIPlugin
2024-05-27 22:43:58,124 [INFO] PluginManager:220 - loadIPPluginJar : add usart
2024-05-27 22:43:58,143 [INFO] IPUIPlugin:80 - create IPUIPlugin
2024-05-27 22:43:58,143 [INFO] PluginManager:220 - loadIPPluginJar : add usbx
2024-05-27 22:43:58,321 [INFO] CADModel:165 - CPN selected for project level
2024-05-27 22:43:58,321 [INFO] CADModel:114 - Register for checkConnection events
2024-05-27 22:43:58,322 [FATAL] Updater:308 - Updater called before beeing initialized
2024-05-27 22:43:58,322 [ERROR] CADModel:125 - Updater not yet initialized, retry later 
2024-05-27 22:43:58,604 [INFO] CADModel:165 - CPN selected for project level
2024-05-27 22:43:58,604 [INFO] CADModel:114 - Register for checkConnection events
2024-05-27 22:43:58,604 [FATAL] Updater:308 - Updater called before beeing initialized
2024-05-27 22:43:58,604 [ERROR] CADModel:125 - Updater not yet initialized, retry later 
2024-05-27 22:43:58,610 [FATAL] Updater:308 - Updater called before beeing initialized
2024-05-27 22:43:58,769 [FATAL] Updater:308 - Updater called before beeing initialized
2024-05-27 22:43:58,793 [INFO] DbMcusAds:53 - JSON generation date=Thu May 16 05:22:00 EDT 2024 (1715851320852)
2024-05-27 22:43:58,793 [FATAL] Updater:308 - Updater called before beeing initialized
2024-05-27 22:43:58,867 [WARN] DetailPanel:346 - Failed to get advertising image, set to default
2024-05-27 22:43:58,883 [INFO] ThirdPartyUpdaterWithRetryManager:70 - Updater plugin not ready yet. [2/15]
2024-05-27 22:43:59,091 [FATAL] Updater:308 - Updater called before beeing initialized
2024-05-27 22:43:59,100 [FATAL] Updater:308 - Updater called before beeing initialized
2024-05-27 22:43:59,100 [FATAL] Updater:308 - Updater called before beeing initialized
2024-05-27 22:43:59,100 [WARN] DetailPanel:346 - Failed to get advertising image, set to default
2024-05-27 22:43:59,100 [FATAL] Updater:308 - Updater called before beeing initialized
2024-05-27 22:43:59,205 [ERROR] Updater:1120 - MainUpdater not yet initialized. External WinMGr cannot be set.
2024-05-27 22:43:59,214 [INFO] Updater:1056 - Updater Version found : 6.11.1
2024-05-27 22:43:59,298 [INFO] ApplicationProperties:184 - Using Application install path: C:\ST\STM32CubeIDE_1.11.2\STM32CubeIDE\plugins\com.st.stm32cube.common.mx_6.11.1.202404110753
2024-05-27 22:44:00,510 [INFO] MainUpdater:2873 - connection check result : 10
2024-05-27 22:44:00,511 [INFO] MainUpdater:290 - Updater Check For Update Now.
2024-05-27 22:44:00,512 [INFO] MicroXplorer:498 - Change Database Version : DB.6.0.111
2024-05-27 22:44:00,556 [INFO] McuFinderGlobals:63 - Set McuFinder mode to 2 (CubeIDE integrated)
2024-05-27 22:44:00,578 [INFO] UserAuth:415 - Internet connection configuration mode: 1
2024-05-27 22:44:00,663 [INFO] JxBrowserEngine:152 - Initiate JxBrowser Engine with user profile folder
2024-05-27 22:44:00,719 [INFO] CheckServerUpdateThread:120 - End of CheckServer Thread
2024-05-27 22:44:02,216 [WARN] PackLoader:240 - Cannot read IP mode file for STMicroelectronics.FP-SNS-MOTENVWB1.1.4.0
2024-05-27 22:44:02,352 [WARN] PackLoader:240 - Cannot read IP mode file for STMicroelectronics.X-CUBE-SMBUS.2.1.0
2024-05-27 22:44:02,366 [WARN] PackLoader:240 - Cannot read IP mode file for STMicroelectronics.X-CUBE-TOUCHGFX.4.23.0
2024-05-27 22:44:02,372 [WARN] PackLoader:240 - Cannot read IP mode file for STMicroelectronics.X-CUBE-TOUCHGFX.4.23.2
2024-05-27 22:44:02,436 [WARN] PackLoader:240 - Cannot read IP mode file for STMicroelectronics.X-CUBE-AZRTOS-F7.1.1.0
2024-05-27 22:44:02,500 [WARN] PackLoader:240 - Cannot read IP mode file for STMicroelectronics.FP-SNS-MOTENV1.4.3.2
2024-05-27 22:44:02,540 [WARN] PackLoader:240 - Cannot read IP mode file for STMicroelectronics.X-CUBE-BLE1.6.2.4
2024-05-27 22:44:02,557 [WARN] PackLoader:240 - Cannot read IP mode file for STMicroelectronics.FP-SNS-FLIGHT1.5.0.2
2024-05-27 22:44:02,568 [WARN] PackLoader:240 - Cannot read IP mode file for STMicroelectronics.X-CUBE-DISPLAY.3.0.0
2024-05-27 22:44:02,577 [WARN] PackLoader:240 - Cannot read IP mode file for STMicroelectronics.X-CUBE-BLE1.7.0.0
2024-05-27 22:44:02,582 [WARN] PackLoader:240 - Cannot read IP mode file for STMicroelectronics.X-CUBE-TOUCHGFX.4.22.1
2024-05-27 22:44:02,592 [WARN] PackLoader:240 - Cannot read IP mode file for STMicroelectronics.X-CUBE-BLEMGR.3.1.0
2024-05-27 22:44:02,601 [WARN] PackLoader:240 - Cannot read IP mode file for STMicroelectronics.FP-SNS-SMARTAG2.1.2.0
2024-05-27 22:44:02,615 [INFO] LogOutputStream:77 - [STDOUT_REDIRECT] 1 : Invalid condition id : UX_CORESTACK_Condition cause : null
2024-05-27 22:44:02,617 [INFO] LogOutputStream:77 - [STDOUT_REDIRECT] 1 : Invalid condition id : UX_CORESTACK_Condition cause : null
2024-05-27 22:44:02,619 [INFO] LogOutputStream:77 - [STDOUT_REDIRECT] 1 : Invalid condition id : UX_CORESTACK_Condition cause : null
2024-05-27 22:44:02,622 [INFO] LogOutputStream:77 - [STDOUT_REDIRECT] 1 : Invalid condition id : UX_CORESTACK_Condition cause : null
2024-05-27 22:44:02,624 [INFO] LogOutputStream:77 - [STDOUT_REDIRECT] 1 : Invalid condition id : UX_CORESTACK_Condition cause : null
2024-05-27 22:44:02,628 [WARN] PackLoader:240 - Cannot read IP mode file for STMicroelectronics.X-CUBE-AZRTOS-WL.2.0.0
2024-05-27 22:44:02,634 [WARN] PackLoader:240 - Cannot read IP mode file for STMicroelectronics.FP-SNS-MOTENV1.5.0.0
2024-05-27 22:44:02,650 [WARN] PackLoader:240 - Cannot read IP mode file for WES.I-CUBE-Cesium.1.3.0
2024-05-27 22:44:02,656 [WARN] PackLoader:240 - Cannot read IP mode file for STMicroelectronics.X-CUBE-BLE2.3.3.0
2024-05-27 22:44:02,667 [WARN] PackLoader:240 - Cannot read IP mode file for STMicroelectronics.X-CUBE-TOF1.3.2.0
2024-05-27 22:44:02,679 [WARN] PackLoader:240 - Cannot read IP mode file for STMicroelectronics.X-CUBE-TCPP.4.1.0
2024-05-27 22:44:02,684 [WARN] PackLoader:240 - Cannot read IP mode file for STMicroelectronics.X-CUBE-TOUCHGFX.4.21.1
2024-05-27 22:44:02,719 [WARN] PackLoader:240 - Cannot read IP mode file for STMicroelectronics.X-CUBE-MEMS1.9.4.0
2024-05-27 22:44:02,870 [WARN] PackLoader:240 - Cannot read IP mode file for STMicroelectronics.X-CUBE-AI.7.3.0
2024-05-27 22:44:02,876 [WARN] PackLoader:240 - Cannot read IP mode file for STMicroelectronics.X-CUBE-ALGOBUILD.1.3.0
2024-05-27 22:44:02,892 [WARN] PackLoader:240 - Cannot read IP mode file for STMicroelectronics.X-CUBE-AZRTOS-G0.1.1.0
2024-05-27 22:44:02,900 [WARN] PackLoader:240 - Cannot read IP mode file for STMicroelectronics.X-CUBE-SAFEA1.1.2.2
2024-05-27 22:44:02,906 [WARN] PackLoader:240 - Cannot read IP mode file for STMicroelectronics.X-CUBE-NFC4.3.0.0
2024-05-27 22:44:02,913 [WARN] PackLoader:240 - Cannot read IP mode file for STMicroelectronics.X-CUBE-BLEMGR.3.0.0
2024-05-27 22:44:02,921 [WARN] PackLoader:240 - Cannot read IP mode file for STMicroelectronics.X-CUBE-BLEMGR.1.3.0
2024-05-27 22:44:02,926 [WARN] PackLoader:240 - Cannot read IP mode file for STMicroelectronics.FP-ATR-SIGFOX1.3.2.0
2024-05-27 22:44:02,932 [WARN] PackLoader:240 - Cannot read IP mode file for STMicroelectronics.X-CUBE-EEPRMA1.5.1.0
2024-05-27 22:44:02,967 [WARN] PackLoader:240 - Cannot read IP mode file for STMicroelectronics.X-CUBE-MEMS1.9.5.0
2024-05-27 22:44:03,158 [WARN] PackLoader:240 - Cannot read IP mode file for SEGGER.I-CUBE-embOS.1.3.1
2024-05-27 22:44:03,197 [WARN] PackLoader:240 - Cannot read IP mode file for STMicroelectronics.X-CUBE-ALGOBUILD.1.4.0
2024-05-27 22:44:03,234 [WARN] PackLoader:240 - Cannot read IP mode file for SEGGER.I-CUBE-embOS.1.3.0
2024-05-27 22:44:03,272 [WARN] PackLoader:240 - Cannot read IP mode file for STMicroelectronics.X-CUBE-GNSS1.6.0.0
2024-05-27 22:44:03,289 [WARN] PackLoader:240 - Cannot read IP mode file for STMicroelectronics.X-CUBE-AZRTOS-F4.1.1.0
2024-05-27 22:44:03,296 [WARN] PackLoader:240 - Cannot read IP mode file for STMicroelectronics.X-CUBE-FREERTOS.1.2.0
2024-05-27 22:44:03,310 [WARN] PackLoader:240 - Cannot read IP mode file for STMicroelectronics.X-CUBE-AZRTOS-L5.2.0.0
2024-05-27 22:44:03,331 [WARN] PackLoader:240 - Cannot read IP mode file for STMicroelectronics.X-CUBE-EEPRMA1.4.2.0
2024-05-27 22:44:03,339 [WARN] PackLoader:240 - Cannot read IP mode file for STMicroelectronics.X-CUBE-NFC6.3.1.0
2024-05-27 22:44:03,346 [WARN] PackLoader:240 - Cannot read IP mode file for ITTIA_DB.I-CUBE-ITTIADB.8.8.0
2024-05-27 22:44:03,356 [WARN] PackLoader:240 - Cannot read IP mode file for emotas.I-CUBE-CANOPEN.1.1.3
2024-05-27 22:44:03,360 [WARN] PackLoader:240 - Cannot read IP mode file for STMicroelectronics.X-CUBE-AI.9.0.0
2024-05-27 22:44:03,365 [WARN] PackLoader:240 - Cannot read IP mode file for wolfSSL.I-CUBE-wolfSSL.5.5.4
2024-05-27 22:44:03,369 [WARN] PackLoader:240 - Cannot read IP mode file for STMicroelectronics.X-CUBE-NFC7.1.0.1
2024-05-27 22:44:03,373 [WARN] PackLoader:240 - Cannot read IP mode file for STMicroelectronics.X-CUBE-NFC7.1.0.0
2024-05-27 22:44:03,379 [WARN] PackLoader:240 - Cannot read IP mode file for STMicroelectronics.X-CUBE-NFC6.3.0.0
2024-05-27 22:44:03,387 [WARN] PackLoader:240 - Cannot read IP mode file for STMicroelectronics.X-CUBE-EEPRMA1.4.1.0
2024-05-27 22:44:03,391 [WARN] PackLoader:240 - Cannot read IP mode file for STMicroelectronics.X-CUBE-AI.8.1.0
2024-05-27 22:44:03,405 [WARN] ConditionMgr:438 - getConditionDescription Invalid condition id : LAN8742 Phy interface Condition cause : null
2024-05-27 22:44:03,406 [WARN] PackLoader:240 - Cannot read IP mode file for STMicroelectronics.X-CUBE-AZRTOS-L4.2.0.0
2024-05-27 22:44:03,407 [WARN] ConditionMgr:1039 - genDependencies : Invalid condition id : LAN8742 Phy interface Condition cause : null
2024-05-27 22:44:03,407 [WARN] ConditionMgr:1039 - genDependencies : Invalid condition id : LAN8742 Phy interface Condition cause : null
2024-05-27 22:44:03,408 [WARN] ConditionMgr:1039 - genDependencies : Invalid condition id : LAN8742 Phy interface Condition cause : null
2024-05-27 22:44:03,415 [WARN] PackLoader:240 - Cannot read IP mode file for STMicroelectronics.X-CUBE-SFXS2LP1.4.0.0
2024-05-27 22:44:03,431 [WARN] PackLoader:240 - Cannot read IP mode file for STMicroelectronics.X-CUBE-AZRTOS-H7.3.0.0
2024-05-27 22:44:03,437 [WARN] PackLoader:240 - Cannot read IP mode file for STMicroelectronics.X-CUBE-ISPU.1.1.0
2024-05-27 22:44:03,445 [WARN] PackLoader:240 - Cannot read IP mode file for RoweBots.I-CUBE-UNISONRTOS.5.5.0-4
2024-05-27 22:44:03,455 [WARN] ConditionMgr:438 - getConditionDescription Invalid condition id : UX DEVICE CLASS RTOS Condition cause : null
2024-05-27 22:44:03,455 [WARN] ConditionMgr:438 - getConditionDescription Invalid condition id : UX DEVICE CLASS RTOS Condition cause : null
2024-05-27 22:44:03,457 [WARN] PackLoader:240 - Cannot read IP mode file for STMicroelectronics.X-CUBE-AZRTOS-WB.2.0.0
2024-05-27 22:44:03,457 [WARN] ConditionMgr:1039 - genDependencies : Invalid condition id : UX DEVICE CLASS RTOS Condition cause : null
2024-05-27 22:44:03,458 [WARN] ConditionMgr:1039 - genDependencies : Invalid condition id : UX DEVICE CLASS RTOS Condition cause : null
2024-05-27 22:44:03,458 [WARN] ConditionMgr:1039 - genDependencies : Invalid condition id : UX DEVICE CLASS RTOS Condition cause : null
2024-05-27 22:44:03,458 [WARN] ConditionMgr:1039 - genDependencies : Invalid condition id : UX DEVICE CLASS RTOS Condition cause : null
2024-05-27 22:44:03,458 [WARN] ConditionMgr:1039 - genDependencies : Invalid condition id : UX DEVICE CLASS RTOS Condition cause : null
2024-05-27 22:44:03,470 [WARN] PackLoader:240 - Cannot read IP mode file for STMicroelectronics.X-CUBE-AZRTOS-L5.1.1.0
2024-05-27 22:44:03,479 [WARN] PackLoader:240 - Cannot read IP mode file for STMicroelectronics.X-CUBE-SUBG2.5.0.0
2024-05-27 22:44:03,487 [WARN] PackLoader:240 - Cannot read IP mode file for Cesanta.I-CUBE-Mongoose.7.13.0
2024-05-27 22:44:03,499 [WARN] PackLoader:240 - Cannot read IP mode file for STMicroelectronics.X-CUBE-AZRTOS-G4.2.0.0
2024-05-27 22:44:03,504 [WARN] PackLoader:240 - Cannot read IP mode file for STMicroelectronics.FP-ATR-ASTRA1.1.1.1
2024-05-27 22:44:03,514 [WARN] PackLoader:240 - Cannot read IP mode file for Infineon.AIROC-Wi-Fi-Bluetooth-STM32.1.5.1
2024-05-27 22:44:03,521 [WARN] PackLoader:240 - Cannot read IP mode file for STMicroelectronics.FP-SNS-MOTENVWB1.1.3.1
2024-05-27 22:44:03,530 [WARN] PackLoader:240 - Cannot read IP mode file for STMicroelectronics.X-CUBE-AZRTOS-G4.1.0.0
2024-05-27 22:44:03,542 [WARN] PackLoader:240 - Cannot read IP mode file for STMicroelectronics.X-CUBE-AZRTOS-L4.1.0.0
2024-05-27 22:44:03,547 [WARN] PackLoader:240 - Cannot read IP mode file for STMicroelectronics.X-CUBE-ISPU.2.0.0
2024-05-27 22:44:03,552 [WARN] PackLoader:240 - Cannot read IP mode file for STMicroelectronics.X-CUBE-ALS.1.0.2
2024-05-27 22:44:03,593 [WARN] PackLoader:240 - Cannot read IP mode file for STMicroelectronics.X-CUBE-MEMS1.10.0.0
2024-05-27 22:44:03,707 [WARN] PackLoader:240 - Cannot read IP mode file for STMicroelectronics.X-CUBE-FREERTOS.1.1.0
2024-05-27 22:44:03,722 [WARN] PackLoader:240 - Cannot read IP mode file for STMicroelectronics.X-CUBE-AZRTOS-WL.1.0.0
2024-05-27 22:44:03,737 [WARN] PackLoader:240 - Cannot read IP mode file for portGmbH.I-Cube-SoM-uGOAL.1.1.0
2024-05-27 22:44:03,741 [WARN] PackLoader:240 - Cannot read IP mode file for STMicroelectronics.X-CUBE-ALS.1.0.1
2024-05-27 22:44:03,751 [WARN] PackLoader:240 - Cannot read IP mode file for STMicroelectronics.X-CUBE-AZRTOS-WB.1.1.0
2024-05-27 22:44:03,765 [WARN] PackLoader:240 - Cannot read IP mode file for STMicroelectronics.X-CUBE-AZRTOS-H7RS.1.0.0
2024-05-27 22:44:03,770 [WARN] PackLoader:240 - Cannot read IP mode file for STMicroelectronics.FP-ATR-ASTRA1.2.0.0
2024-05-27 22:44:03,778 [WARN] PackLoader:240 - Cannot read IP mode file for STMicroelectronics.X-CUBE-TOF1.3.4.0
2024-05-27 22:44:03,817 [WARN] PackLoader:240 - Cannot read IP mode file for STMicroelectronics.X-CUBE-TOF1.3.4.1
2024-05-27 22:44:03,840 [WARN] PackLoader:240 - Cannot read IP mode file for STMicroelectronics.X-CUBE-AZRTOS-H7.3.2.0
2024-05-27 22:44:03,844 [INFO] ThirdParty:978 - Integrity check success = true
2024-05-27 22:44:03,844 [INFO] IntegrityCheckThread:100 - exiting critical section [integrity check]
2024-05-27 22:44:03,844 [INFO] IntegrityCheckThread:103 - End integrity checks thread
2024-05-27 22:44:04,300 [INFO] WebApp:161 - Instantiating new browser for Auth
2024-05-27 22:44:05,758 [INFO] WebApp:779 - Register for checkConnection events
2024-05-27 22:44:05,758 [INFO] WebApp:414 - Apply proxy settings
2024-05-27 22:44:05,758 [INFO] WebApp:499 - Chromium requires no authentication
2024-05-27 22:44:05,763 [INFO] WebApp:442 - Direct internet connection detected
2024-05-27 22:44:05,874 [INFO] WebApp:192 - Starting web application
2024-05-27 22:44:05,874 [INFO] WebApp:544 - Web application path used C:\ST\STM32CubeIDE_1.11.2\STM32CubeIDE\plugins\com.st.stm32cube.common.mx_6.11.1.202404110753\db\plugins\mcufinder\reactClient1\index.html
